<?xml version="1.0" encoding="UTF-8"?>
<!-- Generated by org.testng.reporters.JUnitReportReporter -->
<testsuite hostname="LAPTOP-P36DIHBF" failures="0" tests="1" name="variousConcepts.LoginTest$Logintest4" time="3.140" errors="0" timestamp="2023-02-16T22:56:39 CST" skipped="0">
  <testcase classname="variousConcepts.LoginTest$Logintest4" name="loginTest" time="3.140"/>
  <system-out/>
</testsuite> <!-- variousConcepts.LoginTest$Logintest4 -->
